[debug] [2022-01-10T02:20:17.511Z] ----------------------------------------------------------------------
[debug] [2022-01-10T02:20:17.513Z] Command:       C:\Program Files\nodejs\node.exe C:\Users\MSI\AppData\Roaming\npm\node_modules\firebase-tools\lib\bin\firebase.js init
[debug] [2022-01-10T02:20:17.513Z] CLI Version:   10.0.1
[debug] [2022-01-10T02:20:17.513Z] Platform:      win32
[debug] [2022-01-10T02:20:17.513Z] Node Version:  v16.13.0
[debug] [2022-01-10T02:20:17.514Z] Time:          Mon Jan 10 2022 08:20:17 GMT+0600 (Bangladesh Standard Time)
[debug] [2022-01-10T02:20:17.514Z] ----------------------------------------------------------------------
[debug] 
[debug] [2022-01-10T02:20:17.516Z] >>> [apiv2][query] GET https://firebase-public.firebaseio.com/cli.json [none]
[debug] [2022-01-10T02:20:17.580Z] > command requires scopes: ["email","openid","https://www.googleapis.com/auth/cloudplatformprojects.readonly","https://www.googleapis.com/auth/firebase","https://www.googleapis.com/auth/cloud-platform"]
[debug] [2022-01-10T02:20:17.581Z] > authorizing via signed-in user (manir7465@gmail.com)
[info] 
     ######## #### ########  ######## ########     ###     ######  ########
     ##        ##  ##     ## ##       ##     ##  ##   ##  ##       ##
     ######    ##  ########  ######   ########  #########  ######  ######
     ##        ##  ##    ##  ##       ##     ## ##     ##       ## ##
     ##       #### ##     ## ######## ########  ##     ##  ######  ########

You're about to initialize a Firebase project in this directory:

  D:\react\Blog-management-client

Before we get started, keep in mind:

  * You are initializing within an existing Firebase project directory

[debug] [2022-01-10T02:20:19.322Z] <<< [apiv2][status] GET https://firebase-public.firebaseio.com/cli.json 200
[debug] [2022-01-10T02:20:19.322Z] <<< [apiv2][body] GET https://firebase-public.firebaseio.com/cli.json {"cloudBuildErrorAfter":1594252800000,"cloudBuildWarnAfter":1590019200000,"defaultNode10After":1594252800000,"minVersion":"3.0.5","node8DeploysDisabledAfter":1613390400000,"node8RuntimeDisabledAfter":1615809600000,"node8WarnAfter":1600128000000}
[info] 
=== Project Setup
[info] 
[info] First, let's associate this project directory with a Firebase project.
[info] You can create multiple project aliases by running firebase use --add, 
[info] but for now we'll just set up a default project.
[info] 
[debug] [2022-01-10T02:21:03.368Z] Using project from CLI flag: blog-management-69496
[debug] [2022-01-10T02:21:03.371Z] > refreshing access token with scopes: []
[debug] [2022-01-10T02:21:03.371Z] >>> HTTP REQUEST POST https://www.googleapis.com/oauth2/v3/token  
 <request body omitted>
[debug] [2022-01-10T02:21:06.437Z] <<< HTTP RESPONSE 200 {"cache-control":"no-cache, no-store, max-age=0, must-revalidate","date":"Mon, 10 Jan 2022 02:21:05 GMT","expires":"Mon, 01 Jan 1990 00:00:00 GMT","pragma":"no-cache","content-type":"application/json; charset=utf-8","vary":"X-Origin, Referer, Origin,Accept-Encoding","server":"scaffolding on HTTPServer2","x-xss-protection":"0","x-frame-options":"SAMEORIGIN","x-content-type-options":"nosniff","alt-svc":"h3=\":443\"; ma=2592000,h3-29=\":443\"; ma=2592000,h3-Q050=\":443\"; ma=2592000,h3-Q046=\":443\"; ma=2592000,h3-Q043=\":443\"; ma=2592000,quic=\":443\"; ma=2592000; v=\"46,43\"","accept-ranges":"none","transfer-encoding":"chunked"}
[debug] [2022-01-10T02:21:06.458Z] >>> [apiv2][query] GET https://firebase.googleapis.com/v1beta1/projects/blog-management-69496 [none]
[debug] [2022-01-10T02:21:07.672Z] <<< [apiv2][status] GET https://firebase.googleapis.com/v1beta1/projects/blog-management-69496 403
[debug] [2022-01-10T02:21:07.672Z] <<< [apiv2][body] GET https://firebase.googleapis.com/v1beta1/projects/blog-management-69496 {"error":{"code":403,"message":"The caller does not have permission","status":"PERMISSION_DENIED"}}
[debug] [2022-01-10T02:21:07.673Z] HTTP Error: 403, The caller does not have permission
[debug] [2022-01-10T02:21:08.683Z] FirebaseError: HTTP Error: 403, The caller does not have permission
    at module.exports (C:\Users\MSI\AppData\Roaming\npm\node_modules\firebase-tools\lib\responseToError.js:38:12)
    at Client.doRequest (C:\Users\MSI\AppData\Roaming\npm\node_modules\firebase-tools\lib\apiv2.js:241:23)
    at processTicksAndRejections (node:internal/process/task_queues:96:5)
    at async Client.request (C:\Users\MSI\AppData\Roaming\npm\node_modules\firebase-tools\lib\apiv2.js:96:20)
    at async Object.getFirebaseProject (C:\Users\MSI\AppData\Roaming\npm\node_modules\firebase-tools\lib\management\projects.js:290:21)
    at async Object.doSetup [as project] (C:\Users\MSI\AppData\Roaming\npm\node_modules\firebase-tools\lib\init\features\project.js:85:27)
    at async init (C:\Users\MSI\AppData\Roaming\npm\node_modules\firebase-tools\lib\init\index.js:19:9)
[error] 
[error] Error: Failed to get Firebase project blog-management-69496. Please make sure the project exists and your account has permission to access it.
